
> web-react@0.0.0 dev
> vite --port 3000


  VITE v7.1.3  ready in 104 ms

  ➜  Local:   http://localhost:3000/
  ➜  Network: use --host to expose
  ➜  press h + enter to show help
7:07:40 PM [vite] (client) hmr update /src/components/FullCalendarSchedule.jsx, /src/index.css
7:08:47 PM [vite] (client) hmr update /src/components/FullCalendarSchedule.jsx, /src/index.css
7:09:10 PM [vite] (client) hmr update /src/components/FullCalendarSchedule.jsx, /src/index.css
7:09:21 PM [vite] (client) hmr update /src/components/FullCalendarSchedule.jsx, /src/index.css
7:09:40 PM [vite] (client) hmr update /src/components/FullCalendarSchedule.jsx, /src/index.css
7:09:52 PM [vite] (client) hmr update /src/components/FullCalendarSchedule.jsx, /src/index.css
7:10:17 PM [vite] (client) hmr update /src/components/FullCalendarSchedule.jsx, /src/index.css
7:10:33 PM [vite] (client) hmr update /src/components/FullCalendarSchedule.jsx, /src/index.css
7:10:57 PM [vite] (client) hmr update /src/components/FullCalendarSchedule.jsx, /src/index.css
7:11:18 PM [vite] (client) hmr update /src/components/FullCalendarSchedule.jsx, /src/index.css
7:11:43 PM [vite] (client) hmr update /src/components/FullCalendarSchedule.jsx, /src/index.css
7:13:23 PM [vite] (client) hmr update /src/App.jsx, /src/index.css
7:13:31 PM [vite] (client) hmr update /src/App.jsx, /src/index.css
7:13:35 PM [vite] (client) hmr update /src/App.jsx, /src/index.css
7:14:13 PM [vite] (client) hmr update /src/components/FullCalendarSchedule.jsx, /src/index.css
7:14:51 PM [vite] (client) hmr update /src/App.jsx, /src/index.css
7:14:51 PM [vite] (client) hmr update /src/components/FullCalendarSchedule.jsx, /src/index.css
7:16:15 PM [vite] (client) hmr update /src/components/FullCalendarSchedule.jsx, /src/index.css
7:16:25 PM [vite] (client) hmr update /src/components/FullCalendarSchedule.jsx, /src/index.css
7:16:40 PM [vite] (client) hmr update /src/components/FullCalendarSchedule.jsx, /src/index.css
7:16:46 PM [vite] (client) hmr update /src/components/FullCalendarSchedule.jsx, /src/index.css
7:17:11 PM [vite] (client) hmr update /src/components/FullCalendarSchedule.jsx, /src/index.css
7:19:38 PM [vite] (client) hmr update /src/App.jsx, /src/index.css
7:19:47 PM [vite] (client) hmr update /src/App.jsx, /src/index.css
7:20:36 PM [vite] (client) hmr update /src/App.jsx, /src/index.css
7:20:43 PM [vite] (client) hmr update /src/components/FullCalendarSchedule.jsx, /src/index.css
7:21:34 PM [vite] (client) hmr update /src/components/FullCalendarSchedule.jsx, /src/index.css
7:21:57 PM [vite] (client) hmr update /src/components/FullCalendarSchedule.jsx, /src/index.css
7:22:25 PM [vite] (client) hmr update /src/components/DepartmentList.jsx, /src/index.css
7:22:58 PM [vite] (client) hmr update /src/App.jsx, /src/index.css
7:23:39 PM [vite] (client) hmr update /src/components/FullCalendarSchedule.jsx, /src/index.css
7:23:39 PM [vite] (client) hmr update /src/App.jsx, /src/index.css
7:23:39 PM [vite] (client) hmr update /src/components/DepartmentList.jsx, /src/index.css
7:25:23 PM [vite] (client) hmr update /src/App.jsx, /src/index.css
7:25:32 PM [vite] (client) hmr update /src/App.jsx, /src/index.css
7:25:45 PM [vite] (client) hmr update /src/components/FullCalendarSchedule.jsx, /src/index.css
7:25:54 PM [vite] (client) hmr update /src/components/FullCalendarSchedule.jsx, /src/index.css
7:25:57 PM [vite] (client) hmr update /src/components/FullCalendarSchedule.jsx, /src/index.css
7:26:03 PM [vite] (client) hmr update /src/App.jsx, /src/index.css
7:26:26 PM [vite] (client) hmr update /src/components/FullCalendarSchedule.jsx, /src/index.css
7:26:26 PM [vite] (client) hmr update /src/App.jsx, /src/index.css
7:28:43 PM [vite] (client) hmr update /src/components/FullCalendarSchedule.jsx, /src/index.css
7:28:56 PM [vite] (client) hmr update /src/components/FullCalendarSchedule.jsx, /src/index.css
7:29:01 PM [vite] (client) hmr update /src/components/FullCalendarSchedule.jsx, /src/index.css
7:29:09 PM [vite] (client) hmr update /src/components/FullCalendarSchedule.jsx, /src/index.css
7:29:20 PM [vite] (client) hmr update /src/components/FullCalendarSchedule.jsx, /src/index.css
7:29:50 PM [vite] (client) hmr update /src/components/FullCalendarSchedule.jsx, /src/index.css
7:31:56 PM [vite] (client) hmr update /src/components/FullCalendarSchedule.jsx, /src/index.css
7:32:04 PM [vite] (client) hmr update /src/components/FullCalendarSchedule.jsx, /src/index.css
7:32:23 PM [vite] (client) hmr update /src/components/FullCalendarSchedule.jsx, /src/index.css
7:34:19 PM [vite] (client) hmr update /src/components/FullCalendarSchedule.jsx, /src/index.css
7:34:23 PM [vite] (client) hmr update /src/components/ScheduleControls.jsx, /src/index.css
7:34:47 PM [vite] (client) hmr update /src/components/ScheduleControls.jsx, /src/index.css
7:35:57 PM [vite] (client) hmr update /src/components/ScheduleControls.jsx, /src/index.css
7:36:08 PM [vite] (client) hmr update /src/components/ScheduleControls.jsx, /src/index.css
7:37:24 PM [vite] (client) hmr update /src/components/FullCalendarSchedule.jsx, /src/index.css
7:37:34 PM [vite] (client) hmr update /src/components/FullCalendarSchedule.jsx, /src/index.css
7:37:51 PM [vite] (client) hmr update /src/components/FullCalendarSchedule.jsx, /src/index.css
7:38:18 PM [vite] (client) hmr update /src/components/ScheduleControls.jsx, /src/index.css
7:38:18 PM [vite] (client) hmr update /src/components/FullCalendarSchedule.jsx, /src/index.css
7:40:22 PM [vite] (client) hmr update /src/components/CourseDetails.jsx, /src/index.css
7:40:58 PM [vite] (client) hmr update /src/components/CourseDetails.jsx, /src/index.css
7:41:23 PM [vite] (client) hmr update /src/components/CourseDetails.jsx, /src/index.css
7:42:25 PM [vite] (client) hmr update /src/components/CourseDetails.jsx, /src/index.css
7:42:38 PM [vite] (client) hmr update /src/components/CourseDetails.jsx, /src/index.css
7:42:48 PM [vite] (client) hmr update /src/components/CourseDetails.jsx, /src/index.css
7:42:55 PM [vite] (client) hmr update /src/components/CourseDetails.jsx, /src/index.css
7:43:16 PM [vite] (client) hmr update /src/components/CourseDetails.jsx, /src/index.css
7:43:33 PM [vite] (client) hmr update /src/components/CourseDetails.jsx, /src/index.css
7:43:53 PM [vite] (client) hmr update /src/components/CourseDetails.jsx, /src/index.css
7:44:03 PM [vite] (client) hmr update /src/components/CourseDetails.jsx, /src/index.css
7:44:12 PM [vite] (client) hmr update /src/components/CourseDetails.jsx, /src/index.css
7:44:39 PM [vite] (client) hmr update /src/components/CourseDetails.jsx, /src/index.css
7:47:33 PM [vite] (client) hmr update /src/components/CourseDetails.jsx, /src/index.css
7:47:59 PM [vite] (client) hmr update /src/components/CourseDetails.jsx, /src/index.css
7:48:15 PM [vite] (client) hmr update /src/components/CourseDetails.jsx, /src/index.css
7:49:34 PM [vite] (client) hmr update /src/components/CourseDetails.jsx, /src/index.css
7:49:41 PM [vite] (client) hmr update /src/components/CourseDetails.jsx, /src/index.css
7:49:47 PM [vite] (client) hmr update /src/components/CourseDetails.jsx, /src/index.css
7:50:30 PM [vite] (client) hmr update /src/components/CourseDetails.jsx, /src/index.css
7:50:36 PM [vite] (client) hmr update /src/App.jsx, /src/index.css
7:50:49 PM [vite] (client) hmr update /src/App.jsx, /src/index.css
7:51:14 PM [vite] (client) hmr update /src/components/CourseDetails.jsx, /src/index.css
7:51:14 PM [vite] (client) hmr update /src/App.jsx, /src/index.css
7:52:04 PM [vite] (client) hmr update /src/App.jsx, /src/index.css
7:52:04 PM [vite] (client) hmr update /src/components/CourseDetails.jsx, /src/index.css
7:52:29 PM [vite] (client) hmr update /src/components/CourseDetails.jsx, /src/index.css
7:52:36 PM [vite] (client) hmr update /src/components/CourseDetails.jsx, /src/index.css
7:52:41 PM [vite] (client) hmr update /src/components/CourseDetails.jsx, /src/index.css
7:52:47 PM [vite] (client) hmr update /src/components/CourseDetails.jsx, /src/index.css
7:53:02 PM [vite] (client) hmr update /src/components/CourseDetails.jsx, /src/index.css
7:53:13 PM [vite] (client) hmr update /src/App.jsx, /src/index.css
7:53:19 PM [vite] (client) hmr update /src/App.jsx, /src/index.css
7:53:58 PM [vite] (client) hmr update /src/components/CourseDetails.jsx, /src/index.css
7:53:58 PM [vite] (client) hmr update /src/App.jsx, /src/index.css
7:55:23 PM [vite] (client) hmr update /src/components/FullCalendarSchedule.jsx, /src/index.css
7:55:29 PM [vite] (client) hmr update /src/components/FullCalendarSchedule.jsx, /src/index.css
7:55:29 PM [vite] (client) hmr update /src/components/FullCalendarSchedule.jsx, /src/index.css
7:55:36 PM [vite] (client) hmr update /src/components/FullCalendarSchedule.jsx, /src/index.css
7:55:53 PM [vite] (client) hmr update /src/components/FullCalendarSchedule.jsx, /src/index.css
7:56:09 PM [vite] (client) hmr update /src/components/FullCalendarSchedule.jsx, /src/index.css
7:56:34 PM [vite] (client) hmr update /src/components/FullCalendarSchedule.jsx, /src/index.css
7:57:50 PM [vite] (client) hmr update /src/components/FullCalendarSchedule.jsx, /src/index.css
7:58:09 PM [vite] (client) hmr update /src/components/FullCalendarSchedule.jsx, /src/index.css
7:58:18 PM [vite] (client) hmr update /src/components/FullCalendarSchedule.jsx, /src/index.css
7:58:25 PM [vite] (client) hmr update /src/components/FullCalendarSchedule.jsx, /src/index.css
7:58:25 PM [vite] (client) hmr update /src/components/FullCalendarSchedule.jsx, /src/index.css
7:58:43 PM [vite] (client) hmr update /src/components/FullCalendarSchedule.jsx, /src/index.css
7:59:12 PM [vite] (client) hmr update /src/components/FullCalendarSchedule.jsx, /src/index.css
7:59:30 PM [vite] (client) hmr update /src/App.jsx, /src/index.css
7:59:38 PM [vite] (client) hmr update /src/App.jsx, /src/index.css
8:00:09 PM [vite] (client) hmr update /src/components/FullCalendarSchedule.jsx, /src/index.css
8:00:09 PM [vite] (client) hmr update /src/App.jsx, /src/index.css
8:00:46 PM [vite] (client) hmr update /src/components/FullCalendarSchedule.jsx, /src/index.css
8:02:40 PM [vite] (client) hmr update /src/components/FullCalendarSchedule.jsx, /src/index.css
8:02:53 PM [vite] (client) hmr update /src/components/FullCalendarSchedule.jsx, /src/index.css
8:03:18 PM [vite] (client) hmr update /src/App.jsx, /src/index.css
8:03:26 PM [vite] (client) hmr update /src/components/FullCalendarSchedule.jsx, /src/index.css
8:03:53 PM [vite] (client) hmr update /src/components/FullCalendarSchedule.jsx, /src/index.css
8:03:53 PM [vite] (client) hmr update /src/App.jsx, /src/index.css
8:03:55 PM [vite] (client) hmr update /src/components/FullCalendarSchedule.jsx, /src/index.css
8:04:38 PM [vite] (client) hmr update /src/App.jsx, /src/index.css
8:04:38 PM [vite] (client) hmr update /src/components/FullCalendarSchedule.jsx, /src/index.css
8:06:06 PM [vite] (client) hmr update /src/App.jsx, /src/index.css
8:06:14 PM [vite] (client) hmr update /src/App.jsx, /src/index.css
8:06:29 PM [vite] (client) hmr update /src/components/FullCalendarSchedule.jsx, /src/index.css
8:06:42 PM [vite] (client) hmr update /src/components/CourseDetails.jsx, /src/index.css
8:07:21 PM [vite] (client) hmr update /src/App.jsx, /src/index.css
8:07:21 PM [vite] (client) hmr update /src/components/FullCalendarSchedule.jsx, /src/index.css
8:07:21 PM [vite] (client) hmr update /src/components/CourseDetails.jsx, /src/index.css
8:08:06 PM [vite] (client) hmr update /src/components/FullCalendarSchedule.jsx, /src/index.css
8:10:45 PM [vite] (client) hmr update /src/components/CourseDetails.jsx, /src/index.css
8:10:49 PM [vite] (client) hmr update /src/components/CourseDetails.jsx, /src/index.css
8:10:55 PM [vite] (client) hmr update /src/components/CourseDetails.jsx, /src/index.css
8:11:07 PM [vite] (client) hmr update /src/components/CourseDetails.jsx, /src/index.css
8:11:15 PM [vite] (client) hmr update /src/components/CourseDetails.jsx, /src/index.css
8:12:19 PM [vite] (client) hmr update /src/components/CourseDetails.jsx, /src/index.css
8:12:28 PM [vite] (client) hmr update /src/components/CourseDetails.jsx, /src/index.css
8:12:43 PM [vite] (client) hmr update /src/components/CourseDetails.jsx, /src/index.css
8:13:03 PM [vite] (client) hmr update /src/components/CourseDetails.jsx, /src/index.css
8:13:49 PM [vite] (client) hmr update /src/components/CourseDetails.jsx, /src/index.css
8:13:54 PM [vite] (client) hmr update /src/components/CourseDetails.jsx, /src/index.css
8:14:09 PM [vite] (client) hmr update /src/components/CourseDetails.jsx, /src/index.css
8:14:28 PM [vite] (client) hmr update /src/components/CourseDetails.jsx, /src/index.css
8:15:00 PM [vite] (client) hmr update /src/components/CourseDetails.jsx, /src/index.css
8:16:18 PM [vite] (client) hmr update /src/components/CourseDetails.jsx, /src/index.css
8:16:41 PM [vite] (client) hmr update /src/components/CourseDetails.jsx, /src/index.css
8:16:51 PM [vite] (client) hmr update /src/App.jsx, /src/index.css
8:16:54 PM [vite] (client) hmr update /src/components/CourseDetails.jsx, /src/index.css
8:17:02 PM [vite] (client) hmr update /src/App.jsx, /src/index.css
8:17:06 PM [vite] (client) hmr update /src/components/CourseDetails.jsx, /src/index.css
8:17:10 PM [vite] (client) hmr update /src/components/CourseDetails.jsx, /src/index.css
8:17:13 PM [vite] (client) hmr update /src/components/CourseDetails.jsx, /src/index.css
8:17:24 PM [vite] (client) hmr update /src/components/CourseDetails.jsx, /src/index.css
8:17:26 PM [vite] (client) hmr update /src/components/CourseDetails.jsx, /src/index.css
8:17:31 PM [vite] (client) hmr update /src/components/CourseDetails.jsx, /src/index.css
8:17:33 PM [vite] (client) hmr update /src/components/CourseDetails.jsx, /src/index.css
8:17:59 PM [vite] (client) hmr update /src/components/CourseDetails.jsx, /src/index.css
8:17:59 PM [vite] (client) hmr update /src/App.jsx, /src/index.css
8:26:22 PM [vite] (client) hmr update /src/App.jsx, /src/index.css
8:26:32 PM [vite] (client) hmr update /src/App.jsx, /src/index.css
8:26:56 PM [vite] (client) hmr update /src/components/DepartmentList.jsx, /src/index.css
8:27:06 PM [vite] (client) hmr update /src/App.jsx, /src/index.css
8:27:12 PM [vite] (client) hmr update /src/components/CourseSearch.jsx, /src/index.css
8:27:25 PM [vite] (client) hmr update /src/App.jsx, /src/index.css
8:28:35 PM [vite] (client) hmr update /src/components/DepartmentList.jsx, /src/index.css
8:28:35 PM [vite] (client) hmr update /src/App.jsx, /src/index.css
8:28:35 PM [vite] (client) hmr update /src/components/CourseSearch.jsx, /src/index.css
8:28:35 PM [vite] (client) hmr update /src/components/CourseSearch.jsx, /src/index.css
8:30:42 PM [vite] (client) hmr update /src/components/CourseDetails.jsx, /src/index.css
8:32:40 PM [vite] (client) hmr update /src/App.jsx, /src/index.css
8:32:47 PM [vite] (client) hmr update /src/App.jsx, /src/index.css
8:32:57 PM [vite] (client) hmr update /src/App.jsx, /src/index.css
8:33:07 PM [vite] (client) hmr update /src/components/DepartmentList.jsx, /src/index.css
8:33:25 PM [vite] (client) hmr update /src/components/DepartmentList.jsx, /src/index.css
8:33:41 PM [vite] (client) hmr update /src/App.jsx, /src/index.css
8:33:41 PM [vite] (client) hmr update /src/components/DepartmentList.jsx, /src/index.css
9:16:32 PM [vite] (client) hmr update /src/App.jsx, /src/index.css
9:16:54 PM [vite] (client) hmr update /src/components/DepartmentList.jsx, /src/index.css
9:17:00 PM [vite] (client) hmr update /src/components/DepartmentList.jsx, /src/index.css
9:17:20 PM [vite] (client) hmr update /src/App.jsx, /src/index.css
9:17:20 PM [vite] (client) hmr update /src/components/DepartmentList.jsx, /src/index.css
9:19:09 PM [vite] (client) hmr update /src/App.jsx, /src/index.css
9:19:19 PM [vite] (client) hmr update /src/App.jsx, /src/index.css
9:19:28 PM [vite] (client) hmr update /src/App.jsx, /src/index.css
9:19:40 PM [vite] (client) hmr update /src/App.jsx, /src/index.css
9:19:44 PM [vite] (client) hmr update /src/App.jsx, /src/index.css
9:20:01 PM [vite] (client) hmr update /src/App.jsx, /src/index.css
9:20:10 PM [vite] (client) hmr update /src/App.jsx, /src/index.css
9:20:16 PM [vite] (client) hmr update /src/App.jsx, /src/index.css
9:20:23 PM [vite] (client) hmr update /src/App.jsx, /src/index.css
9:20:29 PM [vite] (client) hmr update /src/components/CourseSearch.jsx, /src/index.css
9:20:44 PM [vite] (client) hmr update /src/components/CourseSearch.jsx, /src/index.css
9:20:49 PM [vite] (client) hmr update /src/components/DepartmentList.jsx, /src/index.css
9:20:52 PM [vite] (client) hmr update /src/components/DepartmentList.jsx, /src/index.css
9:21:01 PM [vite] (client) hmr update /src/components/DepartmentList.jsx, /src/index.css
9:21:07 PM [vite] (client) hmr update /src/components/CourseDetails.jsx, /src/index.css
9:21:13 PM [vite] (client) hmr update /src/App.jsx, /src/index.css
9:21:19 PM [vite] (client) hmr update /src/App.jsx, /src/index.css
9:21:32 PM [vite] (client) hmr update /src/components/CourseDetails.jsx, /src/index.css
9:21:39 PM [vite] (client) hmr update /src/components/FullCalendarSchedule.jsx, /src/index.css
9:21:45 PM [vite] (client) hmr update /src/App.jsx, /src/index.css
9:21:53 PM [vite] (client) hmr update /src/App.jsx, /src/index.css
9:22:03 PM [vite] (client) hmr update /src/components/FullCalendarSchedule.jsx, /src/index.css
9:22:28 PM [vite] (client) hmr update /src/components/DepartmentList.jsx, /src/index.css
9:22:28 PM [vite] (client) hmr update /src/components/CourseSearch.jsx, /src/index.css
9:22:28 PM [vite] (client) hmr update /src/App.jsx, /src/index.css
9:22:28 PM [vite] (client) hmr update /src/components/CourseDetails.jsx, /src/index.css
9:22:28 PM [vite] (client) hmr update /src/components/FullCalendarSchedule.jsx, /src/index.css
9:23:27 PM [vite] (client) hmr update /src/App.jsx, /src/index.css
9:23:38 PM [vite] (client) hmr update /src/App.jsx, /src/index.css
9:23:47 PM [vite] (client) hmr update /src/App.jsx, /src/index.css
9:23:54 PM [vite] (client) hmr update /src/App.jsx, /src/index.css
9:24:02 PM [vite] (client) hmr update /src/App.jsx, /src/index.css
9:24:09 PM [vite] (client) hmr update /src/App.jsx, /src/index.css
9:24:09 PM [vite] (client) hmr update /src/App.jsx, /src/index.css
9:24:16 PM [vite] (client) hmr update /src/App.jsx, /src/index.css
9:24:24 PM [vite] (client) hmr update /src/App.jsx, /src/index.css
9:24:31 PM [vite] (client) hmr update /src/App.jsx, /src/index.css
9:24:38 PM [vite] (client) hmr update /src/components/CourseSearch.jsx, /src/index.css
9:24:48 PM [vite] (client) hmr update /src/components/CourseSearch.jsx, /src/index.css
9:24:53 PM [vite] (client) hmr update /src/components/CourseDetails.jsx, /src/index.css
9:25:01 PM [vite] (client) hmr update /src/components/CourseDetails.jsx, /src/index.css
9:25:07 PM [vite] (client) hmr update /src/components/FullCalendarSchedule.jsx, /src/index.css
9:25:16 PM [vite] (client) hmr update /src/components/FullCalendarSchedule.jsx, /src/index.css
9:25:41 PM [vite] (client) hmr update /src/components/CourseSearch.jsx, /src/index.css
9:25:41 PM [vite] (client) hmr update /src/App.jsx, /src/index.css
9:25:41 PM [vite] (client) hmr update /src/components/CourseDetails.jsx, /src/index.css
9:25:41 PM [vite] (client) hmr update /src/components/FullCalendarSchedule.jsx, /src/index.css
9:26:54 PM [vite] (client) hmr update /src/components/FullCalendarSchedule.jsx, /src/index.css
9:26:54 PM [vite] (client) hmr update /src/components/CourseDetails.jsx, /src/index.css
9:27:14 PM [vite] (client) hmr update /src/App.jsx, /src/index.css
9:27:33 PM [vite] (client) hmr update /src/App.jsx, /src/index.css
9:28:15 PM [vite] (client) hmr update /src/App.jsx, /src/index.css
9:28:30 PM [vite] (client) hmr update /src/App.jsx, /src/index.css
9:30:37 PM [vite] (client) hmr update /src/components/FullCalendarSchedule.jsx, /src/index.css
9:30:50 PM [vite] (client) hmr update /src/components/FullCalendarSchedule.jsx, /src/index.css
9:31:07 PM [vite] (client) hmr update /src/components/FullCalendarSchedule.jsx, /src/index.css
9:31:15 PM [vite] (client) hmr update /src/App.jsx, /src/index.css
9:31:24 PM [vite] (client) hmr update /src/App.jsx, /src/index.css
9:31:48 PM [vite] (client) hmr update /src/App.jsx, /src/index.css
9:31:48 PM [vite] (client) hmr update /src/components/FullCalendarSchedule.jsx, /src/index.css
9:37:20 PM [vite] (client) hmr update /src/components/CourseDetails.jsx, /src/index.css
9:42:32 PM [vite] (client) hmr update /src/components/FullCalendarSchedule.jsx, /src/index.css
9:43:24 PM [vite] (client) hmr update /src/components/FullCalendarSchedule.jsx, /src/index.css
9:43:52 PM [vite] (client) hmr update /src/components/FullCalendarSchedule.jsx, /src/index.css
